[INFO ] 
 2019-04-10 09:44:00,726 
 ApsqrcWebServiceApplication.logStarting() 
- Starting ApsqrcWebServiceApplication on DESKTOP-AVQ5AFN with PID 6176 (C:\Users\BeauTifuL_WorlD\spring-tool-suite-projects-2019\APSQRCWebService\target\classes started by BeauTifuL_WorlD in C:\Users\BeauTifuL_WorlD\spring-tool-suite-projects-2019\APSQRCWebService)
[DEBUG] 
 2019-04-10 09:44:00,757 
 ApsqrcWebServiceApplication.logStarting() 
- Running with Spring Boot v2.1.4.RELEASE, Spring v5.1.6.RELEASE
[INFO ] 
 2019-04-10 09:44:01,034 
 ApsqrcWebServiceApplication.logStartupProfileInfo() 
- No active profile set, falling back to default profiles: default
[INFO ] 
 2019-04-10 09:44:01,252 
 DevToolsPropertyDefaultsPostProcessor.logTo() 
- Devtools property defaults active! Set 'spring.devtools.add-properties' to 'false' to disable
[INFO ] 
 2019-04-10 09:44:01,252 
 DevToolsPropertyDefaultsPostProcessor.logTo() 
- For additional web related logging consider setting the 'logging.level.web' property to 'DEBUG'
[INFO ] 
 2019-04-10 09:44:08,033 
 PostProcessorRegistrationDelegate$BeanPostProcessorChecker.postProcessAfterInitialization() 
- Bean 'org.springframework.ws.config.annotation.DelegatingWsConfiguration' of type [org.springframework.ws.config.annotation.DelegatingWsConfiguration$$EnhancerBySpringCGLIB$$6c5c06e4] is not eligible for getting processed by all BeanPostProcessors (for example: not eligible for auto-proxying)
[INFO ] 
 2019-04-10 09:44:08,245 
 AnnotationActionEndpointMapping.afterPropertiesSet() 
- Supporting [WS-Addressing August 2004, WS-Addressing 1.0]
[INFO ] 
 2019-04-10 09:44:08,370 
 PostProcessorRegistrationDelegate$BeanPostProcessorChecker.postProcessAfterInitialization() 
- Bean 'org.springframework.hateoas.config.HateoasConfiguration' of type [org.springframework.hateoas.config.HateoasConfiguration$$EnhancerBySpringCGLIB$$47448f17] is not eligible for getting processed by all BeanPostProcessors (for example: not eligible for auto-proxying)
[INFO ] 
 2019-04-10 09:44:12,042 
 TomcatWebServer.initialize() 
- Tomcat initialized with port(s): 8085 (http)
[INFO ] 
 2019-04-10 09:44:12,243 
 Http11NioProtocol.log() 
- Initializing ProtocolHandler ["http-nio-8085"]
[INFO ] 
 2019-04-10 09:44:12,290 
 StandardService.log() 
- Starting service [Tomcat]
[INFO ] 
 2019-04-10 09:44:12,306 
 StandardEngine.log() 
- Starting Servlet engine: [Apache Tomcat/9.0.17]
[INFO ] 
 2019-04-10 09:44:13,243 
 [/].log() 
- Initializing Spring embedded WebApplicationContext
[INFO ] 
 2019-04-10 09:44:13,243 
 ContextLoader.prepareWebApplicationContext() 
- Root WebApplicationContext: initialization completed in 11991 ms
[INFO ] 
 2019-04-10 09:44:33,624 
 ThreadPoolTaskExecutor.initialize() 
- Initializing ExecutorService 'applicationTaskExecutor'
[INFO ] 
 2019-04-10 09:44:37,227 
 OptionalLiveReloadServer.startServer() 
- LiveReload server is running on port 35729
[INFO ] 
 2019-04-10 09:44:37,276 
 EndpointLinksResolver.<init>() 
- Exposing 2 endpoint(s) beneath base path '/actuator'
[INFO ] 
 2019-04-10 09:44:37,621 
 Http11NioProtocol.log() 
- Starting ProtocolHandler ["http-nio-8085"]
[INFO ] 
 2019-04-10 09:44:37,858 
 TomcatWebServer.start() 
- Tomcat started on port(s): 8085 (http) with context path ''
[INFO ] 
 2019-04-10 09:44:37,866 
 ApsqrcWebServiceApplication.logStarted() 
- Started ApsqrcWebServiceApplication in 41.63 seconds (JVM running for 46.903)
[INFO ] 
 2019-04-10 09:44:50,226 
 ThreadPoolTaskExecutor.shutdown() 
- Shutting down ExecutorService 'applicationTaskExecutor'
[INFO ] 
 2019-04-10 09:44:51,833 
 ApsqrcWebServiceApplication.logStarting() 
- Starting ApsqrcWebServiceApplication on DESKTOP-AVQ5AFN with PID 6176 (C:\Users\BeauTifuL_WorlD\spring-tool-suite-projects-2019\APSQRCWebService\target\classes started by BeauTifuL_WorlD in C:\Users\BeauTifuL_WorlD\spring-tool-suite-projects-2019\APSQRCWebService)
[DEBUG] 
 2019-04-10 09:44:51,834 
 ApsqrcWebServiceApplication.logStarting() 
- Running with Spring Boot v2.1.4.RELEASE, Spring v5.1.6.RELEASE
[INFO ] 
 2019-04-10 09:44:51,837 
 ApsqrcWebServiceApplication.logStartupProfileInfo() 
- No active profile set, falling back to default profiles: default
[INFO ] 
 2019-04-10 09:44:54,181 
 PostProcessorRegistrationDelegate$BeanPostProcessorChecker.postProcessAfterInitialization() 
- Bean 'org.springframework.ws.config.annotation.DelegatingWsConfiguration' of type [org.springframework.ws.config.annotation.DelegatingWsConfiguration$$EnhancerBySpringCGLIB$$6c5c06e4] is not eligible for getting processed by all BeanPostProcessors (for example: not eligible for auto-proxying)
[INFO ] 
 2019-04-10 09:44:54,219 
 AnnotationActionEndpointMapping.afterPropertiesSet() 
- Supporting [WS-Addressing August 2004, WS-Addressing 1.0]
[INFO ] 
 2019-04-10 09:44:54,223 
 PostProcessorRegistrationDelegate$BeanPostProcessorChecker.postProcessAfterInitialization() 
- Bean 'org.springframework.hateoas.config.HateoasConfiguration' of type [org.springframework.hateoas.config.HateoasConfiguration$$EnhancerBySpringCGLIB$$47448f17] is not eligible for getting processed by all BeanPostProcessors (for example: not eligible for auto-proxying)
[INFO ] 
 2019-04-10 09:44:54,698 
 TomcatWebServer.initialize() 
- Tomcat initialized with port(s): 8085 (http)
[INFO ] 
 2019-04-10 09:44:54,710 
 Http11NioProtocol.log() 
- Initializing ProtocolHandler ["http-nio-8085"]
[INFO ] 
 2019-04-10 09:44:54,716 
 StandardService.log() 
- Starting service [Tomcat]
[INFO ] 
 2019-04-10 09:44:54,720 
 StandardEngine.log() 
- Starting Servlet engine: [Apache Tomcat/9.0.17]
[INFO ] 
 2019-04-10 09:44:54,860 
 [/].log() 
- Initializing Spring embedded WebApplicationContext
[INFO ] 
 2019-04-10 09:44:54,862 
 ContextLoader.prepareWebApplicationContext() 
- Root WebApplicationContext: initialization completed in 3011 ms
[INFO ] 
 2019-04-10 09:44:55,778 
 ThreadPoolTaskExecutor.initialize() 
- Initializing ExecutorService 'applicationTaskExecutor'
[INFO ] 
 2019-04-10 09:44:56,222 
 OptionalLiveReloadServer.startServer() 
- LiveReload server is running on port 35729
[INFO ] 
 2019-04-10 09:44:56,245 
 EndpointLinksResolver.<init>() 
- Exposing 2 endpoint(s) beneath base path '/actuator'
[INFO ] 
 2019-04-10 09:44:56,341 
 Http11NioProtocol.log() 
- Starting ProtocolHandler ["http-nio-8085"]
[INFO ] 
 2019-04-10 09:44:56,494 
 TomcatWebServer.start() 
- Tomcat started on port(s): 8085 (http) with context path ''
[INFO ] 
 2019-04-10 09:44:56,496 
 ApsqrcWebServiceApplication.logStarted() 
- Started ApsqrcWebServiceApplication in 5.012 seconds (JVM running for 65.533)
[INFO ] 
 2019-04-10 09:44:56,504 
 ConditionEvaluationDeltaLoggingListener.onApplicationEvent() 
- Condition evaluation unchanged
[INFO ] 
 2019-04-10 10:05:17,546 
 [/].log() 
- Initializing Spring DispatcherServlet 'dispatcherServlet'
[INFO ] 
 2019-04-10 10:05:17,547 
 DispatcherServlet.initServletBean() 
- Initializing Servlet 'dispatcherServlet'
[INFO ] 
 2019-04-10 10:05:17,591 
 DispatcherServlet.initServletBean() 
- Completed initialization in 44 ms
[INFO ] 
 2019-04-10 10:10:15,068 
 ThreadPoolTaskExecutor.shutdown() 
- Shutting down ExecutorService 'applicationTaskExecutor'
[INFO ] 
 2019-04-10 10:10:15,944 
 ApsqrcWebServiceApplication.logStarting() 
- Starting ApsqrcWebServiceApplication on DESKTOP-AVQ5AFN with PID 6176 (C:\Users\BeauTifuL_WorlD\spring-tool-suite-projects-2019\APSQRCWebService\target\classes started by BeauTifuL_WorlD in C:\Users\BeauTifuL_WorlD\spring-tool-suite-projects-2019\APSQRCWebService)
[DEBUG] 
 2019-04-10 10:10:15,945 
 ApsqrcWebServiceApplication.logStarting() 
- Running with Spring Boot v2.1.4.RELEASE, Spring v5.1.6.RELEASE
[INFO ] 
 2019-04-10 10:10:15,946 
 ApsqrcWebServiceApplication.logStartupProfileInfo() 
- No active profile set, falling back to default profiles: default
[INFO ] 
 2019-04-10 10:10:16,736 
 PostProcessorRegistrationDelegate$BeanPostProcessorChecker.postProcessAfterInitialization() 
- Bean 'org.springframework.ws.config.annotation.DelegatingWsConfiguration' of type [org.springframework.ws.config.annotation.DelegatingWsConfiguration$$EnhancerBySpringCGLIB$$6c5c06e4] is not eligible for getting processed by all BeanPostProcessors (for example: not eligible for auto-proxying)
[INFO ] 
 2019-04-10 10:10:16,740 
 AnnotationActionEndpointMapping.afterPropertiesSet() 
- Supporting [WS-Addressing August 2004, WS-Addressing 1.0]
[INFO ] 
 2019-04-10 10:10:16,743 
 PostProcessorRegistrationDelegate$BeanPostProcessorChecker.postProcessAfterInitialization() 
- Bean 'org.springframework.hateoas.config.HateoasConfiguration' of type [org.springframework.hateoas.config.HateoasConfiguration$$EnhancerBySpringCGLIB$$47448f17] is not eligible for getting processed by all BeanPostProcessors (for example: not eligible for auto-proxying)
[INFO ] 
 2019-04-10 10:10:16,898 
 TomcatWebServer.initialize() 
- Tomcat initialized with port(s): 8085 (http)
[INFO ] 
 2019-04-10 10:10:16,900 
 Http11NioProtocol.log() 
- Initializing ProtocolHandler ["http-nio-8085"]
[INFO ] 
 2019-04-10 10:10:16,901 
 StandardService.log() 
- Starting service [Tomcat]
[INFO ] 
 2019-04-10 10:10:16,902 
 StandardEngine.log() 
- Starting Servlet engine: [Apache Tomcat/9.0.17]
[INFO ] 
 2019-04-10 10:10:16,928 
 [/].log() 
- Initializing Spring embedded WebApplicationContext
[INFO ] 
 2019-04-10 10:10:16,928 
 ContextLoader.prepareWebApplicationContext() 
- Root WebApplicationContext: initialization completed in 977 ms
[INFO ] 
 2019-04-10 10:10:17,270 
 ThreadPoolTaskExecutor.initialize() 
- Initializing ExecutorService 'applicationTaskExecutor'
[INFO ] 
 2019-04-10 10:10:17,492 
 OptionalLiveReloadServer.startServer() 
- LiveReload server is running on port 35729
[INFO ] 
 2019-04-10 10:10:17,503 
 EndpointLinksResolver.<init>() 
- Exposing 2 endpoint(s) beneath base path '/appmonitoring'
[INFO ] 
 2019-04-10 10:10:17,564 
 Http11NioProtocol.log() 
- Starting ProtocolHandler ["http-nio-8085"]
[INFO ] 
 2019-04-10 10:10:17,703 
 TomcatWebServer.start() 
- Tomcat started on port(s): 8085 (http) with context path ''
[INFO ] 
 2019-04-10 10:10:17,705 
 ApsqrcWebServiceApplication.logStarted() 
- Started ApsqrcWebServiceApplication in 1.83 seconds (JVM running for 1586.741)
[INFO ] 
 2019-04-10 10:10:17,711 
 ConditionEvaluationDeltaLoggingListener.onApplicationEvent() 
- Condition evaluation unchanged
[INFO ] 
 2019-04-10 10:11:09,877 
 [/].log() 
- Initializing Spring DispatcherServlet 'dispatcherServlet'
[INFO ] 
 2019-04-10 10:11:09,877 
 DispatcherServlet.initServletBean() 
- Initializing Servlet 'dispatcherServlet'
[INFO ] 
 2019-04-10 10:11:09,890 
 DispatcherServlet.initServletBean() 
- Completed initialization in 12 ms
[INFO ] 
 2019-04-10 10:14:38,718 
 ThreadPoolTaskExecutor.shutdown() 
- Shutting down ExecutorService 'applicationTaskExecutor'
[INFO ] 
 2019-04-10 10:14:39,394 
 ApsqrcWebServiceApplication.logStarting() 
- Starting ApsqrcWebServiceApplication on DESKTOP-AVQ5AFN with PID 6176 (C:\Users\BeauTifuL_WorlD\spring-tool-suite-projects-2019\APSQRCWebService\target\classes started by BeauTifuL_WorlD in C:\Users\BeauTifuL_WorlD\spring-tool-suite-projects-2019\APSQRCWebService)
[DEBUG] 
 2019-04-10 10:14:39,394 
 ApsqrcWebServiceApplication.logStarting() 
- Running with Spring Boot v2.1.4.RELEASE, Spring v5.1.6.RELEASE
[INFO ] 
 2019-04-10 10:14:39,395 
 ApsqrcWebServiceApplication.logStartupProfileInfo() 
- No active profile set, falling back to default profiles: default
[INFO ] 
 2019-04-10 10:14:40,259 
 PostProcessorRegistrationDelegate$BeanPostProcessorChecker.postProcessAfterInitialization() 
- Bean 'org.springframework.ws.config.annotation.DelegatingWsConfiguration' of type [org.springframework.ws.config.annotation.DelegatingWsConfiguration$$EnhancerBySpringCGLIB$$6c5c06e4] is not eligible for getting processed by all BeanPostProcessors (for example: not eligible for auto-proxying)
[INFO ] 
 2019-04-10 10:14:40,264 
 AnnotationActionEndpointMapping.afterPropertiesSet() 
- Supporting [WS-Addressing August 2004, WS-Addressing 1.0]
[INFO ] 
 2019-04-10 10:14:40,267 
 PostProcessorRegistrationDelegate$BeanPostProcessorChecker.postProcessAfterInitialization() 
- Bean 'org.springframework.hateoas.config.HateoasConfiguration' of type [org.springframework.hateoas.config.HateoasConfiguration$$EnhancerBySpringCGLIB$$47448f17] is not eligible for getting processed by all BeanPostProcessors (for example: not eligible for auto-proxying)
[INFO ] 
 2019-04-10 10:14:40,402 
 TomcatWebServer.initialize() 
- Tomcat initialized with port(s): 8085 (http)
[INFO ] 
 2019-04-10 10:14:40,405 
 Http11NioProtocol.log() 
- Initializing ProtocolHandler ["http-nio-8085"]
[INFO ] 
 2019-04-10 10:14:40,408 
 StandardService.log() 
- Starting service [Tomcat]
[INFO ] 
 2019-04-10 10:14:40,409 
 StandardEngine.log() 
- Starting Servlet engine: [Apache Tomcat/9.0.17]
[INFO ] 
 2019-04-10 10:14:40,433 
 [/].log() 
- Initializing Spring embedded WebApplicationContext
[INFO ] 
 2019-04-10 10:14:40,433 
 ContextLoader.prepareWebApplicationContext() 
- Root WebApplicationContext: initialization completed in 1035 ms
[INFO ] 
 2019-04-10 10:14:40,747 
 ThreadPoolTaskExecutor.initialize() 
- Initializing ExecutorService 'applicationTaskExecutor'
[INFO ] 
 2019-04-10 10:14:40,938 
 OptionalLiveReloadServer.startServer() 
- LiveReload server is running on port 35729
[INFO ] 
 2019-04-10 10:14:40,944 
 EndpointLinksResolver.<init>() 
- Exposing 15 endpoint(s) beneath base path '/appmonitoring'
[INFO ] 
 2019-04-10 10:14:40,979 
 Http11NioProtocol.log() 
- Starting ProtocolHandler ["http-nio-8085"]
[INFO ] 
 2019-04-10 10:14:41,120 
 TomcatWebServer.start() 
- Tomcat started on port(s): 8085 (http) with context path ''
[INFO ] 
 2019-04-10 10:14:41,123 
 ApsqrcWebServiceApplication.logStarted() 
- Started ApsqrcWebServiceApplication in 1.791 seconds (JVM running for 1850.159)
[INFO ] 
 2019-04-10 10:14:41,129 
 ConditionEvaluationDeltaLoggingListener.onApplicationEvent() 
- Condition evaluation unchanged
[INFO ] 
 2019-04-10 10:15:02,893 
 [/].log() 
- Initializing Spring DispatcherServlet 'dispatcherServlet'
[INFO ] 
 2019-04-10 10:15:02,894 
 DispatcherServlet.initServletBean() 
- Initializing Servlet 'dispatcherServlet'
[INFO ] 
 2019-04-10 10:15:02,904 
 DispatcherServlet.initServletBean() 
- Completed initialization in 10 ms
[INFO ] 
 2019-04-10 10:31:57,943 
 ThreadPoolTaskExecutor.shutdown() 
- Shutting down ExecutorService 'applicationTaskExecutor'
[INFO ] 
 2019-04-10 10:32:01,724 
 ApsqrcWebServiceApplication.logStarting() 
- Starting ApsqrcWebServiceApplication on DESKTOP-AVQ5AFN with PID 6176 (C:\Users\BeauTifuL_WorlD\spring-tool-suite-projects-2019\APSQRCWebService\target\classes started by BeauTifuL_WorlD in C:\Users\BeauTifuL_WorlD\spring-tool-suite-projects-2019\APSQRCWebService)
[DEBUG] 
 2019-04-10 10:32:01,727 
 ApsqrcWebServiceApplication.logStarting() 
- Running with Spring Boot v2.1.4.RELEASE, Spring v5.1.6.RELEASE
[INFO ] 
 2019-04-10 10:32:01,731 
 ApsqrcWebServiceApplication.logStartupProfileInfo() 
- No active profile set, falling back to default profiles: default
[INFO ] 
 2019-04-10 10:32:03,086 
 PostProcessorRegistrationDelegate$BeanPostProcessorChecker.postProcessAfterInitialization() 
- Bean 'org.springframework.ws.config.annotation.DelegatingWsConfiguration' of type [org.springframework.ws.config.annotation.DelegatingWsConfiguration$$EnhancerBySpringCGLIB$$6c5c06e4] is not eligible for getting processed by all BeanPostProcessors (for example: not eligible for auto-proxying)
[INFO ] 
 2019-04-10 10:32:03,091 
 AnnotationActionEndpointMapping.afterPropertiesSet() 
- Supporting [WS-Addressing August 2004, WS-Addressing 1.0]
[INFO ] 
 2019-04-10 10:32:03,101 
 PostProcessorRegistrationDelegate$BeanPostProcessorChecker.postProcessAfterInitialization() 
- Bean 'org.springframework.hateoas.config.HateoasConfiguration' of type [org.springframework.hateoas.config.HateoasConfiguration$$EnhancerBySpringCGLIB$$47448f17] is not eligible for getting processed by all BeanPostProcessors (for example: not eligible for auto-proxying)
[INFO ] 
 2019-04-10 10:32:03,307 
 TomcatWebServer.initialize() 
- Tomcat initialized with port(s): 8085 (http)
[INFO ] 
 2019-04-10 10:32:03,310 
 Http11NioProtocol.log() 
- Initializing ProtocolHandler ["http-nio-8085"]
[INFO ] 
 2019-04-10 10:32:03,312 
 StandardService.log() 
- Starting service [Tomcat]
[INFO ] 
 2019-04-10 10:32:03,312 
 StandardEngine.log() 
- Starting Servlet engine: [Apache Tomcat/9.0.17]
[INFO ] 
 2019-04-10 10:32:03,353 
 [/].log() 
- Initializing Spring embedded WebApplicationContext
[INFO ] 
 2019-04-10 10:32:03,353 
 ContextLoader.prepareWebApplicationContext() 
- Root WebApplicationContext: initialization completed in 1613 ms
[INFO ] 
 2019-04-10 10:32:03,938 
 ThreadPoolTaskExecutor.initialize() 
- Initializing ExecutorService 'applicationTaskExecutor'
[INFO ] 
 2019-04-10 10:32:04,284 
 OptionalLiveReloadServer.startServer() 
- LiveReload server is running on port 35729
[INFO ] 
 2019-04-10 10:32:04,302 
 EndpointLinksResolver.<init>() 
- Exposing 15 endpoint(s) beneath base path '/appmonitoring'
[INFO ] 
 2019-04-10 10:32:04,401 
 Http11NioProtocol.log() 
- Starting ProtocolHandler ["http-nio-8085"]
[INFO ] 
 2019-04-10 10:32:04,551 
 TomcatWebServer.start() 
- Tomcat started on port(s): 8085 (http) with context path ''
[INFO ] 
 2019-04-10 10:32:04,553 
 ApsqrcWebServiceApplication.logStarted() 
- Started ApsqrcWebServiceApplication in 2.971 seconds (JVM running for 2893.589)
[INFO ] 
 2019-04-10 10:32:04,563 
 ConditionEvaluationDeltaLoggingListener.onApplicationEvent() 
- Condition evaluation unchanged
[INFO ] 
 2019-04-10 10:32:07,381 
 [/].log() 
- Initializing Spring DispatcherServlet 'dispatcherServlet'
[INFO ] 
 2019-04-10 10:32:07,382 
 DispatcherServlet.initServletBean() 
- Initializing Servlet 'dispatcherServlet'
[INFO ] 
 2019-04-10 10:32:07,386 
 DispatcherServlet.initServletBean() 
- Completed initialization in 4 ms
[INFO ] 
 2019-04-10 10:33:00,580 
 SpringApplicationAdminMXBeanRegistrar$SpringApplicationAdmin.shutdown() 
- Application shutdown requested.
[INFO ] 
 2019-04-10 10:33:00,597 
 ThreadPoolTaskExecutor.shutdown() 
- Shutting down ExecutorService 'applicationTaskExecutor'
