[INFO ] 
 2019-03-31 18:55:35,837 
 ApsqrcWebServiceApplication.logStarting() 
- Starting ApsqrcWebServiceApplication on DESKTOP-AVQ5AFN with PID 12208 (C:\Users\BeauTifuL_WorlD\spring-tool-suite-projects-2019\APSQRCWebService\target\classes started by BeauTifuL_WorlD in C:\Users\BeauTifuL_WorlD\spring-tool-suite-projects-2019\APSQRCWebService)
[DEBUG] 
 2019-03-31 18:55:35,888 
 ApsqrcWebServiceApplication.logStarting() 
- Running with Spring Boot v2.1.3.RELEASE, Spring v5.1.5.RELEASE
[INFO ] 
 2019-03-31 18:55:35,889 
 ApsqrcWebServiceApplication.logStartupProfileInfo() 
- No active profile set, falling back to default profiles: default
[INFO ] 
 2019-03-31 18:55:36,058 
 DevToolsPropertyDefaultsPostProcessor.logTo() 
- Devtools property defaults active! Set 'spring.devtools.add-properties' to 'false' to disable
[INFO ] 
 2019-03-31 18:55:36,058 
 DevToolsPropertyDefaultsPostProcessor.logTo() 
- For additional web related logging consider setting the 'logging.level.web' property to 'DEBUG'
[INFO ] 
 2019-03-31 18:55:40,932 
 PostProcessorRegistrationDelegate$BeanPostProcessorChecker.postProcessAfterInitialization() 
- Bean 'org.springframework.ws.config.annotation.DelegatingWsConfiguration' of type [org.springframework.ws.config.annotation.DelegatingWsConfiguration$$EnhancerBySpringCGLIB$$ed46e7a7] is not eligible for getting processed by all BeanPostProcessors (for example: not eligible for auto-proxying)
[INFO ] 
 2019-03-31 18:55:41,279 
 AnnotationActionEndpointMapping.afterPropertiesSet() 
- Supporting [WS-Addressing August 2004, WS-Addressing 1.0]
[INFO ] 
 2019-03-31 18:55:43,709 
 TomcatWebServer.initialize() 
- Tomcat initialized with port(s): 8085 (http)
[INFO ] 
 2019-03-31 18:55:43,909 
 Http11NioProtocol.log() 
- Initializing ProtocolHandler ["http-nio-8085"]
[INFO ] 
 2019-03-31 18:55:43,972 
 StandardService.log() 
- Starting service [Tomcat]
[INFO ] 
 2019-03-31 18:55:43,974 
 StandardEngine.log() 
- Starting Servlet engine: [Apache Tomcat/9.0.16]
[INFO ] 
 2019-03-31 18:55:43,991 
 AprLifecycleListener.log() 
- The APR based Apache Tomcat Native library which allows optimal performance in production environments was not found on the java.library.path: [C:\Program Files\Java\jre1.8.0_171\bin;C:\Windows\Sun\Java\bin;C:\Windows\system32;C:\Windows;C:/Program Files/Java/jre1.8.0_171/bin/server;C:/Program Files/Java/jre1.8.0_171/bin;C:/Program Files/Java/jre1.8.0_171/lib/amd64;C:\ProgramData\Anaconda3;C:\ProgramData\Anaconda3\Library\mingw-w64\bin;C:\ProgramData\Anaconda3\Library\usr\bin;C:\ProgramData\Anaconda3\Library\bin;C:\ProgramData\Anaconda3\Scripts;C:\Program Files (x86)\Common Files\Oracle\Java\javapath;C:\Windows\system32;C:\Windows;C:\Windows\System32\Wbem;C:\Windows\System32\WindowsPowerShell\v1.0\;C:\Windows\System32\OpenSSH\;C:\Program Files (x86)\HP\IdrsOCR_15.2.10.1114\;C:\Program Files\Java\jdk1.8.0_171\bin;C:\Program Files\Java\jre1.8.0_171\bin;C:\Program Files\Microsoft SQL Server\Client SDK\ODBC\130\Tools\Binn\;C:\Program Files (x86)\Microsoft SQL Server\140\Tools\Binn\;C:\Program Files\Microsoft SQL Server\140\Tools\Binn\;C:\Program Files\Microsoft SQL Server\140\DTS\Binn\;C:\Program Files (x86)\Microsoft SQL Server\Client SDK\ODBC\130\Tools\Binn\;C:\Program Files (x86)\Microsoft SQL Server\140\DTS\Binn\;C:\Program Files (x86)\Microsoft SQL Server\140\Tools\Binn\ManagementStudio\;C:\Program Files\PuTTY\;C:\Users\BeauTifuL_WorlD\AppData\Local\Microsoft\WindowsApps;C:\Users\BeauTifuL_WorlD\AppData\Local\atom\bin;C:\Users\BeauTifuL_WorlD\AppData\Local\Programs\Microsoft VS Code\bin;D:\softwares and tools\Java\spring-tool-suite-4-4.1.1.RELEASE-e4.10.0-win32.win32.x86_64\sts-4.1.1.RELEASE;;.]
[INFO ] 
 2019-03-31 18:55:44,311 
 [/].log() 
- Initializing Spring embedded WebApplicationContext
[INFO ] 
 2019-03-31 18:55:44,312 
 ContextLoader.prepareWebApplicationContext() 
- Root WebApplicationContext: initialization completed in 8253 ms
[INFO ] 
 2019-03-31 18:55:46,369 
 ThreadPoolTaskExecutor.initialize() 
- Initializing ExecutorService 'applicationTaskExecutor'
[INFO ] 
 2019-03-31 18:55:47,491 
 OptionalLiveReloadServer.startServer() 
- LiveReload server is running on port 35729
[INFO ] 
 2019-03-31 18:55:47,609 
 Http11NioProtocol.log() 
- Starting ProtocolHandler ["http-nio-8085"]
[INFO ] 
 2019-03-31 18:55:48,384 
 TomcatWebServer.start() 
- Tomcat started on port(s): 8085 (http) with context path ''
[INFO ] 
 2019-03-31 18:55:48,395 
 ApsqrcWebServiceApplication.logStarted() 
- Started ApsqrcWebServiceApplication in 13.571 seconds (JVM running for 21.634)
[INFO ] 
 2019-03-31 18:55:58,445 
 ThreadPoolTaskExecutor.shutdown() 
- Shutting down ExecutorService 'applicationTaskExecutor'
[INFO ] 
 2019-03-31 18:55:59,644 
 ApsqrcWebServiceApplication.logStarting() 
- Starting ApsqrcWebServiceApplication on DESKTOP-AVQ5AFN with PID 12208 (C:\Users\BeauTifuL_WorlD\spring-tool-suite-projects-2019\APSQRCWebService\target\classes started by BeauTifuL_WorlD in C:\Users\BeauTifuL_WorlD\spring-tool-suite-projects-2019\APSQRCWebService)
[DEBUG] 
 2019-03-31 18:55:59,645 
 ApsqrcWebServiceApplication.logStarting() 
- Running with Spring Boot v2.1.3.RELEASE, Spring v5.1.5.RELEASE
[INFO ] 
 2019-03-31 18:55:59,645 
 ApsqrcWebServiceApplication.logStartupProfileInfo() 
- No active profile set, falling back to default profiles: default
[INFO ] 
 2019-03-31 18:56:00,172 
 PostProcessorRegistrationDelegate$BeanPostProcessorChecker.postProcessAfterInitialization() 
- Bean 'org.springframework.ws.config.annotation.DelegatingWsConfiguration' of type [org.springframework.ws.config.annotation.DelegatingWsConfiguration$$EnhancerBySpringCGLIB$$ed46e7a7] is not eligible for getting processed by all BeanPostProcessors (for example: not eligible for auto-proxying)
[INFO ] 
 2019-03-31 18:56:00,177 
 AnnotationActionEndpointMapping.afterPropertiesSet() 
- Supporting [WS-Addressing August 2004, WS-Addressing 1.0]
[INFO ] 
 2019-03-31 18:56:00,309 
 TomcatWebServer.initialize() 
- Tomcat initialized with port(s): 8085 (http)
[INFO ] 
 2019-03-31 18:56:00,311 
 Http11NioProtocol.log() 
- Initializing ProtocolHandler ["http-nio-8085"]
[INFO ] 
 2019-03-31 18:56:00,312 
 StandardService.log() 
- Starting service [Tomcat]
[INFO ] 
 2019-03-31 18:56:00,312 
 StandardEngine.log() 
- Starting Servlet engine: [Apache Tomcat/9.0.16]
[INFO ] 
 2019-03-31 18:56:00,339 
 [/].log() 
- Initializing Spring embedded WebApplicationContext
[INFO ] 
 2019-03-31 18:56:00,345 
 ContextLoader.prepareWebApplicationContext() 
- Root WebApplicationContext: initialization completed in 696 ms
[INFO ] 
 2019-03-31 18:56:00,556 
 ThreadPoolTaskExecutor.initialize() 
- Initializing ExecutorService 'applicationTaskExecutor'
[INFO ] 
 2019-03-31 18:56:00,687 
 OptionalLiveReloadServer.startServer() 
- LiveReload server is running on port 35729
[INFO ] 
 2019-03-31 18:56:00,718 
 Http11NioProtocol.log() 
- Starting ProtocolHandler ["http-nio-8085"]
[INFO ] 
 2019-03-31 18:56:00,918 
 TomcatWebServer.start() 
- Tomcat started on port(s): 8085 (http) with context path ''
[INFO ] 
 2019-03-31 18:56:00,919 
 ApsqrcWebServiceApplication.logStarted() 
- Started ApsqrcWebServiceApplication in 1.389 seconds (JVM running for 34.158)
[INFO ] 
 2019-03-31 18:56:00,922 
 ConditionEvaluationDeltaLoggingListener.onApplicationEvent() 
- Condition evaluation unchanged
[INFO ] 
 2019-03-31 18:56:37,546 
 [/].log() 
- Initializing Spring DispatcherServlet 'dispatcherServlet'
[INFO ] 
 2019-03-31 18:56:37,546 
 DispatcherServlet.initServletBean() 
- Initializing Servlet 'dispatcherServlet'
[INFO ] 
 2019-03-31 18:56:37,559 
 DispatcherServlet.initServletBean() 
- Completed initialization in 12 ms
[INFO ] 
 2019-03-31 18:56:37,640 
 QRCodeRestAPIController.readQRImage() 
- Decoding The Imported QR Image: test3.PNG
[INFO ] 
 2019-03-31 18:56:37,935 
 QRCodeRestAPIController.readQRImage() 
- The QR Image Has Been Successfully Decoded: Merchant(qrVersion=2, qrType=P, merchantCompanyName=DIS, merchantCategory=Sangar Nazari, bankAccount=1059345435999)
[INFO ] 
 2019-03-31 18:57:46,892 
 QRCodeRestAPIController.generateQRImage() 
- Creating QR Code For Payment Details: Merchant(qrVersion=2, qrType=P, merchantCompanyName=Maiwand, merchantCategory=Omar, bankAccount=76786767678767)
[INFO ] 
 2019-03-31 18:57:47,028 
 QRCodeRestAPIController.generateQRImage() 
- QR Image Has Been Successfully Generated With Payment Details Such As : 1:2*2:P*3:Maiwand*4:Omar*5:76786767678767
